<?xml version="1.0" encoding="UTF-8"?>
<!-- Generated by org.testng.reporters.JUnitXMLReporter -->
<testsuite ignored="4" hostname="DESKTOP-6JS32GC" failures="0" tests="1" name="Default test" time="140.486" errors="0" timestamp="19 Dec 2021 16:27:24 GMT">
  <testcase classname="com.testPages.Service.ServiceTestPage" name="validateSeriveCases" time="0.81"/>
  <testcase classname="com.testPages.Service.ServiceTestPage" name="validateServiceList" time="0.0">
    <ignored/>
  </testcase> <!-- validateServiceList -->
  <testcase classname="com.testPages.Service.ServiceTestPage" name="validateMoreOptions" time="0.0">
    <ignored/>
  </testcase> <!-- validateMoreOptions -->
  <testcase classname="com.testPages.Service.ServiceTestPage" name="validateFilterOptions" time="0.0">
    <ignored/>
  </testcase> <!-- validateFilterOptions -->
  <testcase classname="com.testPages.Service.ServiceTestPage" name="validateServicePage" time="0.0">
    <ignored/>
  </testcase> <!-- validateServicePage -->
</testsuite> <!-- Default test -->
