<?xml version="1.0" encoding="UTF-8"?>
<!-- Generated by org.testng.reporters.JUnitXMLReporter -->
<testsuite ignored="1" hostname="Rohit" failures="0" tests="1" name="Default test" time="27.731" errors="0" timestamp="19 Dec 2021 07:31:37 GMT">
  <testcase classname="com.testPages.Opportunitis.OpportunitiesTestPage" name="actionsTitle" time="0.044"/>
  <testcase classname="com.testPages.Opportunitis.OpportunitiesTestPage" name="Actionslist" time="0.0">
    <ignored/>
  </testcase> <!-- Actionslist -->
</testsuite> <!-- Default test -->
