<?xml version="1.0" encoding="UTF-8"?>
<testng-results ignored="0" total="1" passed="1" failed="0" skipped="0">
  <reporter-output>
  </reporter-output>
  <suite started-at="2021-12-18T07:23:22Z" name="Default suite" finished-at="2021-12-18T07:23:57Z" duration-ms="35319">
    <groups>
    </groups>
    <test started-at="2021-12-18T07:23:22Z" name="Default test" finished-at="2021-12-18T07:23:57Z" duration-ms="35319">
      <class name="com.testPages.ServiceTestPage">
        <test-method is-config="true" signature="setup()[pri:0, instance:com.testPages.ServiceTestPage@3fc9504b]" started-at="2021-12-18T07:23:22Z" name="setup" finished-at="2021-12-18T07:23:57Z" duration-ms="35282" status="PASS">
          <reporter-output>
          </reporter-output>
        </test-method> <!-- setup -->
        <test-method signature="trial()[pri:0, instance:com.testPages.ServiceTestPage@3fc9504b]" started-at="2021-12-18T07:23:57Z" name="trial" finished-at="2021-12-18T07:23:57Z" duration-ms="11" status="PASS">
          <reporter-output>
          </reporter-output>
        </test-method> <!-- trial -->
      </class> <!-- com.testPages.ServiceTestPage -->
    </test> <!-- Default test -->
  </suite> <!-- Default suite -->
</testng-results>
