<?xml version="1.0" encoding="UTF-8"?>
<testng-results ignored="0" total="1" passed="1" failed="0" skipped="0">
  <reporter-output>
  </reporter-output>
  <suite started-at="2021-12-17T09:23:45Z" name="Default suite" finished-at="2021-12-17T09:23:51Z" duration-ms="6067">
    <groups>
    </groups>
    <test started-at="2021-12-17T09:23:45Z" name="Default test" finished-at="2021-12-17T09:23:51Z" duration-ms="6067">
      <class name="com.testPages.ActivityTestPage">
        <test-method is-config="true" signature="setup()[pri:0, instance:com.testPages.ActivityTestPage@72437d8d]" started-at="2021-12-17T09:23:45Z" name="setup" finished-at="2021-12-17T09:23:51Z" duration-ms="6027" status="PASS">
          <reporter-output>
          </reporter-output>
        </test-method> <!-- setup -->
        <test-method signature="trial()[pri:0, instance:com.testPages.ActivityTestPage@72437d8d]" started-at="2021-12-17T09:23:51Z" name="trial" finished-at="2021-12-17T09:23:51Z" duration-ms="10" status="PASS">
          <reporter-output>
          </reporter-output>
        </test-method> <!-- trial -->
      </class> <!-- com.testPages.ActivityTestPage -->
    </test> <!-- Default test -->
  </suite> <!-- Default suite -->
</testng-results>
